-------------------------------------------------------------------------------
Test set: sushi.xml.importer.SubProcessSignavioBPMNParserTest
-------------------------------------------------------------------------------
Tests run: 1, Failures: 0, Errors: 1, Skipped: 0, Time elapsed: 0.104 sec <<< FAILURE!
testImport(sushi.xml.importer.SubProcessSignavioBPMNParserTest)  Time elapsed: 0.082 sec  <<< ERROR!
java.lang.NoClassDefFoundError: Could not initialize class sushi.persistence.Persistor
	at sushi.event.SushiEventType.findByTypeName(SushiEventType.java:371)
	at sushi.xml.importer.SignavioBPMNParser.extractMonitoringPoints(SignavioBPMNParser.java:195)
	at sushi.xml.importer.SignavioBPMNParser.extractTask(SignavioBPMNParser.java:144)
	at sushi.xml.importer.SignavioBPMNParser.extractBPMNElement(SignavioBPMNParser.java:97)
	at sushi.xml.importer.SignavioBPMNParser.extractSubProcess(SignavioBPMNParser.java:138)
	at sushi.xml.importer.SignavioBPMNParser.extractBPMNElement(SignavioBPMNParser.java:99)
	at sushi.xml.importer.SignavioBPMNParser.generateBPMNProcess(SignavioBPMNParser.java:76)
	at sushi.xml.importer.SignavioBPMNParser.generateProcessFromXML(SignavioBPMNParser.java:45)
	at sushi.xml.importer.SubProcessSignavioBPMNParserTest.testImport(SubProcessSignavioBPMNParserTest.java:20)
	at sun.reflect.NativeMethodAccessorImpl.invoke0(Native Method)
	at sun.reflect.NativeMethodAccessorImpl.invoke(NativeMethodAccessorImpl.java:57)
	at sun.reflect.DelegatingMethodAccessorImpl.invoke(DelegatingMethodAccessorImpl.java:43)
	at java.lang.reflect.Method.invoke(Method.java:601)
	at org.junit.runners.model.FrameworkMethod$1.runReflectiveCall(FrameworkMethod.java:45)
	at org.junit.internal.runners.model.ReflectiveCallable.run(ReflectiveCallable.java:15)
	at org.junit.runners.model.FrameworkMethod.invokeExplosively(FrameworkMethod.java:42)
	at org.junit.internal.runners.statements.InvokeMethod.evaluate(InvokeMethod.java:20)
	at org.junit.runners.ParentRunner.runLeaf(ParentRunner.java:263)
	at org.junit.runners.BlockJUnit4ClassRunner.runChild(BlockJUnit4ClassRunner.java:68)
	at org.junit.runners.BlockJUnit4ClassRunner.runChild(BlockJUnit4ClassRunner.java:47)
	at org.junit.runners.ParentRunner$3.run(ParentRunner.java:231)
	at org.junit.runners.ParentRunner$1.schedule(ParentRunner.java:60)
	at org.junit.runners.ParentRunner.runChildren(ParentRunner.java:229)
	at org.junit.runners.ParentRunner.access$000(ParentRunner.java:50)
	at org.junit.runners.ParentRunner$2.evaluate(ParentRunner.java:222)
	at org.junit.runners.ParentRunner.run(ParentRunner.java:300)
	at org.apache.maven.surefire.junit4.JUnit4TestSet.execute(JUnit4TestSet.java:53)
	at org.apache.maven.surefire.junit4.JUnit4Provider.executeTestSet(JUnit4Provider.java:123)
	at org.apache.maven.surefire.junit4.JUnit4Provider.invoke(JUnit4Provider.java:104)
	at sun.reflect.NativeMethodAccessorImpl.invoke0(Native Method)
	at sun.reflect.NativeMethodAccessorImpl.invoke(NativeMethodAccessorImpl.java:57)
	at sun.reflect.DelegatingMethodAccessorImpl.invoke(DelegatingMethodAccessorImpl.java:43)
	at java.lang.reflect.Method.invoke(Method.java:601)
	at org.apache.maven.surefire.util.ReflectionUtils.invokeMethodWithArray(ReflectionUtils.java:164)
	at org.apache.maven.surefire.booter.ProviderFactory$ProviderProxy.invoke(ProviderFactory.java:110)
	at org.apache.maven.surefire.booter.SurefireStarter.invokeProvider(SurefireStarter.java:175)
	at org.apache.maven.surefire.booter.SurefireStarter.runSuitesInProcessWhenForked(SurefireStarter.java:107)
	at org.apache.maven.surefire.booter.ForkedBooter.main(ForkedBooter.java:68)
